2014-10-26 01:49:53.379 app[9911:706619] DiskCookieStorage changing policy from 2 to 0, cookie file: file:///Users/alangorton/Library/Developer/CoreSimulator/Devices/573A7BCD-775E-4BBB-AADD-19DF3B4D7388/data/Containers/Data/Application/93C6DB79-C6F1-447F-B755-78AAA164BC2A/Library/Cookies/Cookies.binarycookies
2014-10-26 01:49:53.463 app[9911:706619] Apache Cordova native platform version 3.6.3 is starting.
2014-10-26 01:49:53.463 app[9911:706619] Multi-tasking -> Device: YES, App: YES
2014-10-26 01:49:53.480 app[9911:706619] Unlimited access to network resources
2014-10-26 01:49:53.679 app[9911:706619] [CDVTimer][keyboard] 0.081956ms
2014-10-26 01:49:53.679 app[9911:706619] [CDVTimer][TotalPluginStartup] 0.329971ms
2014-10-26 01:49:54.172 app[9911:706619] Resetting plugins due to page load.
2014-10-26 01:49:54.377 app[9911:706619] Finished load of: file:///Users/alangorton/Library/Developer/CoreSimulator/Devices/573A7BCD-775E-4BBB-AADD-19DF3B4D7388/data/Containers/Bundle/Application/71B6AABC-B3E9-46A5-8082-67701F0C6F8C/app.app/www/index.html#/app/playlists
2014-10-26 01:56:08.122 app[20468:472997] DiskCookieStorage changing policy from 2 to 0, cookie file: file:///Users/dave/Library/Developer/CoreSimulator/Devices/C9F29CA3-226A-453E-91BA-2EB241E676FC/data/Containers/Data/Application/11308451-2B56-4BAC-B291-D4165D70F3C7/Library/Cookies/Cookies.binarycookies
2014-10-26 01:56:08.222 app[20468:472997] Apache Cordova native platform version 3.6.3 is starting.
2014-10-26 01:56:08.223 app[20468:472997] Multi-tasking -> Device: YES, App: YES
2014-10-26 01:56:08.248 app[20468:472997] Unlimited access to network resources
2014-10-26 01:56:08.824 app[20468:472997] [CDVTimer][keyboard] 0.881016ms
2014-10-26 01:56:08.824 app[20468:472997] [CDVTimer][TotalPluginStartup] 1.098990ms
2014-10-26 01:56:09.623 app[20468:472997] Resetting plugins due to page load.
2014-10-26 01:56:09.829 app[20468:472997] Finished load of: file:///Users/dave/Library/Developer/CoreSimulator/Devices/C9F29CA3-226A-453E-91BA-2EB241E676FC/data/Containers/Bundle/Application/301FF588-A23A-4665-869E-DECAE4BF2069/app.app/www/index.html#/app/home
2014-10-26 01:56:55.210 app[20841:474314] DiskCookieStorage changing policy from 2 to 0, cookie file: file:///Users/dave/Library/Developer/CoreSimulator/Devices/C9F29CA3-226A-453E-91BA-2EB241E676FC/data/Containers/Data/Application/C35E2924-BBB1-4E99-8BD5-54B468C6CD31/Library/Cookies/Cookies.binarycookies
2014-10-26 01:56:55.305 app[20841:474314] Apache Cordova native platform version 3.6.3 is starting.
2014-10-26 01:56:55.306 app[20841:474314] Multi-tasking -> Device: YES, App: YES
2014-10-26 01:56:55.314 app[20841:474314] Unlimited access to network resources
2014-10-26 01:56:55.529 app[20841:474314] [CDVTimer][keyboard] 0.052989ms
2014-10-26 01:56:55.529 app[20841:474314] [CDVTimer][TotalPluginStartup] 0.209033ms
2014-10-26 01:56:55.597 app[20841:474314] Resetting plugins due to page load.
2014-10-26 01:56:55.752 app[20841:474314] Finished load of: file:///Users/dave/Library/Developer/CoreSimulator/Devices/C9F29CA3-226A-453E-91BA-2EB241E676FC/data/Containers/Bundle/Application/FC63A135-0543-4695-9051-A7D0659DC354/app.app/www/index.html#/app/home
2014-10-26 02:26:23.551 app[21223:480779] DiskCookieStorage changing policy from 2 to 0, cookie file: file:///Users/dave/Library/Developer/CoreSimulator/Devices/C9F29CA3-226A-453E-91BA-2EB241E676FC/data/Containers/Data/Application/030D0B88-6BC4-4A04-9E70-4FD1DD3ADAB8/Library/Cookies/Cookies.binarycookies
2014-10-26 02:26:23.650 app[21223:480779] Apache Cordova native platform version 3.6.3 is starting.
2014-10-26 02:26:23.650 app[21223:480779] Multi-tasking -> Device: YES, App: YES
2014-10-26 02:26:23.656 app[21223:480779] Unlimited access to network resources
2014-10-26 02:26:23.878 app[21223:480779] [CDVTimer][keyboard] 0.048995ms
2014-10-26 02:26:23.878 app[21223:480779] [CDVTimer][TotalPluginStartup] 0.211000ms
2014-10-26 02:26:23.950 app[21223:480779] Resetting plugins due to page load.
2014-10-26 02:26:24.107 app[21223:480779] Finished load of: file:///Users/dave/Library/Developer/CoreSimulator/Devices/C9F29CA3-226A-453E-91BA-2EB241E676FC/data/Containers/Bundle/Application/555931D9-AAC9-4B62-80D0-72BDF19A1D72/app.app/www/index.html#/app/home
2014-10-26 02:26:38.060 app[21592:481770] DiskCookieStorage changing policy from 2 to 0, cookie file: file:///Users/dave/Library/Developer/CoreSimulator/Devices/C9F29CA3-226A-453E-91BA-2EB241E676FC/data/Containers/Data/Application/90735CF1-626F-45A0-AA30-64B90FD5453E/Library/Cookies/Cookies.binarycookies
2014-10-26 02:26:38.170 app[21592:481770] Apache Cordova native platform version 3.6.3 is starting.
2014-10-26 02:26:38.171 app[21592:481770] Multi-tasking -> Device: YES, App: YES
2014-10-26 02:26:38.178 app[21592:481770] Unlimited access to network resources
2014-10-26 02:26:38.379 app[21592:481770] [CDVTimer][keyboard] 0.317037ms
2014-10-26 02:26:38.379 app[21592:481770] [CDVTimer][TotalPluginStartup] 0.479996ms
2014-10-26 02:26:39.124 app[21592:481770] Resetting plugins due to page load.
2014-10-26 02:26:39.258 app[21592:481770] Finished load of: file:///Users/dave/Library/Developer/CoreSimulator/Devices/C9F29CA3-226A-453E-91BA-2EB241E676FC/data/Containers/Bundle/Application/AD6FAC8A-7677-4EC7-916D-23184025203B/app.app/www/index.html#/app/home
2014-10-26 02:27:44.188 app[21958:483309] DiskCookieStorage changing policy from 2 to 0, cookie file: file:///Users/dave/Library/Developer/CoreSimulator/Devices/C9F29CA3-226A-453E-91BA-2EB241E676FC/data/Containers/Data/Application/824AA1DC-0C27-4A75-B462-43875535E0AD/Library/Cookies/Cookies.binarycookies
2014-10-26 02:27:44.285 app[21958:483309] Apache Cordova native platform version 3.6.3 is starting.
2014-10-26 02:27:44.286 app[21958:483309] Multi-tasking -> Device: YES, App: YES
2014-10-26 02:27:44.293 app[21958:483309] Unlimited access to network resources
2014-10-26 02:27:44.532 app[21958:483309] [CDVTimer][keyboard] 0.048995ms
2014-10-26 02:27:44.532 app[21958:483309] [CDVTimer][TotalPluginStartup] 0.208974ms
2014-10-26 02:27:44.585 app[21958:483309] Resetting plugins due to page load.
2014-10-26 02:27:44.738 app[21958:483309] Finished load of: file:///Users/dave/Library/Developer/CoreSimulator/Devices/C9F29CA3-226A-453E-91BA-2EB241E676FC/data/Containers/Bundle/Application/DC20411B-A15A-4361-BD8F-8F998262DA67/app.app/www/index.html#/app/home
2014-10-26 02:38:51.496 app[22341:487603] DiskCookieStorage changing policy from 2 to 0, cookie file: file:///Users/dave/Library/Developer/CoreSimulator/Devices/C9F29CA3-226A-453E-91BA-2EB241E676FC/data/Containers/Data/Application/97D78DA5-DE9D-4F5D-82F9-23F59A67611F/Library/Cookies/Cookies.binarycookies
2014-10-26 02:38:51.585 app[22341:487603] Apache Cordova native platform version 3.6.3 is starting.
2014-10-26 02:38:51.585 app[22341:487603] Multi-tasking -> Device: YES, App: YES
2014-10-26 02:38:51.593 app[22341:487603] Unlimited access to network resources
2014-10-26 02:38:51.854 app[22341:487603] [CDVTimer][keyboard] 0.297010ms
2014-10-26 02:38:51.854 app[22341:487603] [CDVTimer][TotalPluginStartup] 0.454009ms
2014-10-26 02:38:51.934 app[22341:487603] Resetting plugins due to page load.
2014-10-26 02:38:52.107 app[22341:487603] Finished load of: file:///Users/dave/Library/Developer/CoreSimulator/Devices/C9F29CA3-226A-453E-91BA-2EB241E676FC/data/Containers/Bundle/Application/441990FA-2214-41F3-BC06-00F154050937/app.app/www/index.html#/app/home
2014-10-26 02:53:52.498 app[22827:492883] DiskCookieStorage changing policy from 2 to 0, cookie file: file:///Users/dave/Library/Developer/CoreSimulator/Devices/C9F29CA3-226A-453E-91BA-2EB241E676FC/data/Containers/Data/Application/00FAC550-C412-4B2C-B66C-0650BAB141D5/Library/Cookies/Cookies.binarycookies
2014-10-26 02:53:52.607 app[22827:492883] Apache Cordova native platform version 3.6.3 is starting.
2014-10-26 02:53:52.607 app[22827:492883] Multi-tasking -> Device: YES, App: YES
2014-10-26 02:53:52.614 app[22827:492883] Unlimited access to network resources
2014-10-26 02:53:52.904 app[22827:492883] [CDVTimer][keyboard] 0.059009ms
2014-10-26 02:53:52.904 app[22827:492883] [CDVTimer][TotalPluginStartup] 0.213027ms
2014-10-26 02:53:52.998 app[22827:492883] Resetting plugins due to page load.
2014-10-26 02:53:53.234 app[22827:492883] Finished load of: file:///Users/dave/Library/Developer/CoreSimulator/Devices/C9F29CA3-226A-453E-91BA-2EB241E676FC/data/Containers/Bundle/Application/FC0EFCFF-DFF5-467C-AA44-75C2508A4038/app.app/www/index.html#/app/home
